<?xml version="1.0" encoding="UTF-8"?>
<testsuite xmlns:xsi="http://www.w3.org/2001/XMLSchema-instance" xsi:noNamespaceSchemaLocation="https://maven.apache.org/surefire/maven-surefire-plugin/xsd/surefire-test-report-3.0.xsd" version="3.0" name="com.fatec.CalculadoraTest" time="0.23" tests="9" errors="0" skipped="0" failures="0">
  <properties>
[...]
</properties>
  <testcase name="testCalcularDesconto(int, int, int)[1]" classname="com.fatec.CalculadoraTest" time="0.082"/>
  <testcase name="testCalcularDesconto(int, int, int)[2]" classname="com.fatec.CalculadoraTest" time="0.002"/>
  <testcase name="testCalcularDesconto(int, int, int)[3]" classname="com.fatec.CalculadoraTest" time="0.002"/>
  <testcase name="testCalcularDesconto(int, int, int)[4]" classname="com.fatec.CalculadoraTest" time="0.002"/>
  <testcase name="testNumerosPares(int)[1]" classname="com.fatec.CalculadoraTest" time="0.006"/>
  <testcase name="testNumerosPares(int)[2]" classname="com.fatec.CalculadoraTest" time="0.002"/>
  <testcase name="testNumerosPares(int)[3]" classname="com.fatec.CalculadoraTest" time="0.001"/>
  <testcase name="testNumerosPares(int)[4]" classname="com.fatec.CalculadoraTest" time="0.002"/>
  <testcase name="testNumerosPares(int)[5]" classname="com.fatec.CalculadoraTest" time="0.002"/>
</testsuite>